{"app_name":"Preferences","timestamp":"2026-02-23 01:46:18.00 +0100","app_version":"1","slice_uuid":"ae284d33-9933-3746-99b4-445ad57a1c6b","build_version":"1246.2","platform":2,"bundleID":"com.apple.Preferences","share_with_app_devs":0,"is_first_party":1,"bug_type":"309","os_version":"iPhone OS 17.0 (21A329)","roots_installed":0,"name":"Preferences","incident_id":"77DFB7E7-7C22-4222-9A06-F721B6E7FC0E"}
{
  "uptime" : 55000,
  "procRole" : "Foreground",
  "version" : 2,
  "userID" : 501,
  "deployVersion" : 210,
  "modelCode" : "iPhone12,1",
  "coalitionID" : 2751,
  "osVersion" : {
    "isEmbedded" : true,
    "train" : "iPhone OS 17.0",
    "releaseType" : "User",
    "build" : "21A329"
  },
  "captureTime" : "2026-02-23 01:46:17.6065 +0100",
  "codeSigningMonitor" : 1,
  "incident" : "77DFB7E7-7C22-4222-9A06-F721B6E7FC0E",
  "pid" : 11493,
  "cpuType" : "ARM-64",
  "roots_installed" : 0,
  "bug_type" : "309",
  "procLaunch" : "2026-02-23 01:46:14.2947 +0100",
  "procStartAbsTime" : 1325743955553,
  "procExitAbsTime" : 1325823395907,
  "procName" : "Preferences",
  "procPath" : "\/System\/Library\/VideoCodecs\/SysBins\/Applications\/Preferences.app\/Preferences",
  "bundleInfo" : {"CFBundleShortVersionString":"1","CFBundleVersion":"1246.2","CFBundleIdentifier":"com.apple.Preferences"},
  "parentProc" : "launchd",
  "parentPid" : 1,
  "coalitionName" : "com.apple.Preferences",
  "crashReporterKey" : "e4d7bdfb36506096b815033e0427efb645e076c6",
  "wasUnlockedSinceBoot" : 1,
  "isLocked" : 0,
  "codeSigningID" : "com.apple.Preferences",
  "codeSigningTeamID" : "T8ALTGMVXN",
  "codeSigningFlags" : 838885381,
  "codeSigningValidationCategory" : 4,
  "codeSigningTrustLevel" : 7,
  "instructionByteStream" : {"beforePC":"cI9A+OADE6qwBAC08QMbqnG19vIwGsHa8QMQqvFHwdofAhHrQAAAVA==","atPC":"QI441OADE6pwAwC0+I99shjg4fLgAxCqyNj\/l0ADALQIAED5CAUA0Q=="},
  "basebandVersion" : "5.00.00",
  "exception" : {"codes":"0x0000000000000001, 0x00000001913171e0","rawCodes":[1,6730904032],"type":"EXC_BREAKPOINT","signal":"SIGTRAP"},
  "termination" : {"flags":0,"code":5,"namespace":"SIGNAL","indicator":"Trace\/BPT trap: 5","byProc":"exc handler","byPid":11493},
  "os_fault" : {"process":"Preferences"},
  "faultingThread" : 0,
  "threads" : [{"triggered":true,"id":571437,"threadState":{"x":[{"value":4502509264,"symbolLocation":0,"symbol":"OBJC_CLASS_$_SNRootListController"},{"value":0},{"value":0},{"value":12},{"value":11706856000382407284,"symbolLocation":11706855992942657536,"symbol":"dyld4::APIs::_dyld_lookup_section_info(mach_header const*, _dyld_section_location_info_s*, _dyld_section_location_kind)"},{"value":8351137688,"symbolLocation":944,"symbol":"vtable for dyld4::APIs"},{"value":1536},{"value":1264},{"value":4502503592},{"value":1080864460324732920},{"value":8227362200,"symbolLocation":0,"symbol":"objc::disableEnforceClassRXPtrAuth"},{"value":6823335912,"objc-selector":"\u0001"},{"value":117},{"value":116},{"value":6854832767417668605},{"value":114849058157633},{"value":9007207484314552,"symbolLocation":9007199254740992,"symbol":"OBJC_CLASS_$_PSListController"},{"value":8229573560,"symbolLocation":0,"symbol":"OBJC_CLASS_$_PSListController"},{"value":0},{"value":4502509264,"symbolLocation":0,"symbol":"OBJC_CLASS_$_SNRootListController"},{"value":0},{"value":4502161504},{"value":0},{"value":4502509296,"symbolLocation":32,"symbol":"OBJC_CLASS_$_SNRootListController"},{"value":4502499408},{"value":10765271936},{"value":6133912416},{"value":4502509272,"symbolLocation":8,"symbol":"OBJC_CLASS_$_SNRootListController"},{"value":9}],"flavor":"ARM_THREAD_STATE64","lr":{"value":6730903980},"cpsr":{"value":536870912},"fp":{"value":6133912400},"sp":{"value":6133912304},"esr":{"value":4060136562,"description":"(Breakpoint) pointer authentication trap DA"},"pc":{"value":6730904032,"matchesCrashFrame":1},"far":{"value":6780566338}},"queue":"com.apple.main-thread","frames":[{"imageOffset":94688,"symbol":"readClass(objc_class*, bool, bool)","symbolLocation":112,"imageIndex":11},{"imageOffset":112840,"symbol":"map_images_nolock","symbolLocation":3400,"imageIndex":11},{"imageOffset":109172,"symbol":"map_images","symbolLocation":100,"imageIndex":11},{"imageOffset":56940,"symbol":"dyld4::RuntimeState::notifyLoad(std::__1::span<dyld4::Loader const*, 18446744073709551615ul> const&)","symbolLocation":1076,"imageIndex":12},{"imageOffset":55040,"symbol":"dyld4::APIs::dlopen_from(char const*, int, void*)","symbolLocation":1392,"imageIndex":12},{"imageOffset":1179772,"symbol":"_CFBundleDlfcnLoadFramework","symbolLocation":176,"imageIndex":13},{"imageOffset":861520,"symbol":"_CFBundleLoadExecutableAndReturnError","symbolLocation":476,"imageIndex":13},{"imageOffset":507412,"symbol":"-[NSBundle loadAndReturnError:]","symbolLocation":308,"imageIndex":14},{"imageOffset":1165920,"symbol":"-[NSBundle principalClass]","symbolLocation":24,"imageIndex":14},{"imageOffset":67508,"symbol":"-[PSListController lazyLoadBundle:]","symbolLocation":540,"imageIndex":15},{"imageOffset":42468,"symbol":"pl_lazyLoadBundleCore(objc_object*, objc_selector*, PSSpecifier*, void (*)(objc_object*, objc_selector*, PSSpecifier*))","symbolLocation":84,"imageIndex":7},{"imageOffset":42240,"symbol":"_logos_method$Firmware_ge_60$PSListController$lazyLoadBundle$(PSListController*, objc_selector*, PSSpecifier*)","symbolLocation":52,"imageIndex":7},{"imageOffset":12176,"symbol":"SFPerformSelector2","symbolLocation":308,"imageIndex":16},{"imageOffset":168112,"symbol":"-[PSSpecifier performControllerLoadAction]","symbolLocation":500,"imageIndex":15},{"imageOffset":64184,"symbol":"-[PSListController performLoadActionForSpecifier:]","symbolLocation":60,"imageIndex":15},{"imageOffset":68192,"symbol":"-[PSListController controllerForSpecifier:]","symbolLocation":192,"imageIndex":15},{"imageOffset":58128,"symbol":"-[PSUIPrefsListController selectSpecifier:]","symbolLocation":248,"imageIndex":17},{"imageOffset":223816,"symbol":"-[PSUIPrefsListController _showControllerFromSpecifier:]","symbolLocation":28,"imageIndex":17},{"imageOffset":223600,"symbol":"-[PSUIPrefsListController didSelectRowAtIndexPath:]","symbolLocation":304,"imageIndex":17},{"imageOffset":223264,"symbol":"-[PSUIPrefsListController tableView:didSelectRowAtIndexPath:]","symbolLocation":164,"imageIndex":17},{"imageOffset":16578496,"symbol":"-[UITableView _selectRowAtIndexPath:animated:scrollPosition:notifyDelegate:isCellMultiSelect:deselectPrevious:performCustomSelectionAction:]","symbolLocation":1232,"imageIndex":18},{"imageOffset":16579296,"symbol":"-[UITableView _userSelectRowAtPendingSelectionIndexPath:]","symbolLocation":256,"imageIndex":18},{"imageOffset":702756,"symbol":"-[_UIAfterCACommitBlock run]","symbolLocation":72,"imageIndex":18},{"imageOffset":702216,"symbol":"-[_UIAfterCACommitQueue flush]","symbolLocation":164,"imageIndex":18},{"imageOffset":701984,"symbol":"_runAfterCACommitDeferredBlocks","symbolLocation":496,"imageIndex":18},{"imageOffset":701340,"symbol":"_cleanUpAfterCAFlushAndRunDeferredBlocks","symbolLocation":108,"imageIndex":18},{"imageOffset":600720,"symbol":"_afterCACommitHandler","symbolLocation":64,"imageIndex":18},{"imageOffset":221660,"symbol":"__CFRUNLOOP_IS_CALLING_OUT_TO_AN_OBSERVER_CALLBACK_FUNCTION__","symbolLocation":36,"imageIndex":13},{"imageOffset":216036,"symbol":"__CFRunLoopDoObservers","symbolLocation":548,"imageIndex":13},{"imageOffset":213760,"symbol":"__CFRunLoopRun","symbolLocation":1028,"imageIndex":13},{"imageOffset":212504,"symbol":"CFRunLoopRunSpecific","symbolLocation":608,"imageIndex":13},{"imageOffset":13804,"symbol":"GSEventRunModal","symbolLocation":164,"imageIndex":19},{"imageOffset":2290512,"symbol":"-[UIApplication _run]","symbolLocation":888,"imageIndex":18},{"imageOffset":2288012,"symbol":"UIApplicationMain","symbolLocation":340,"imageIndex":18},{"imageOffset":333060,"imageIndex":10},{"imageOffset":332412,"imageIndex":10},{"imageOffset":23876,"symbol":"start","symbolLocation":2104,"imageIndex":12}]},{"id":571442,"frames":[{"imageOffset":6652,"symbol":"start_wqthread","symbolLocation":0,"imageIndex":21}],"threadState":{"x":[{"value":6134476800},{"value":3843},{"value":6133940224},{"value":0},{"value":409604},{"value":18446744073709551615},{"value":0},{"value":0},{"value":0},{"value":0},{"value":0},{"value":0},{"value":0},{"value":0},{"value":0},{"value":0},{"value":0},{"value":0},{"value":0},{"value":0},{"value":0},{"value":0},{"value":0},{"value":0},{"value":0},{"value":0},{"value":0},{"value":0},{"value":0}],"flavor":"ARM_THREAD_STATE64","lr":{"value":0},"cpsr":{"value":0},"fp":{"value":0},"sp":{"value":6134476800},"esr":{"value":1442840704,"description":" Address size fault"},"pc":{"value":8624433660},"far":{"value":5302599680}}},{"id":571443,"frames":[{"imageOffset":6652,"symbol":"start_wqthread","symbolLocation":0,"imageIndex":21}],"threadState":{"x":[{"value":6135050240},{"value":4611},{"value":6134513664},{"value":0},{"value":409604},{"value":18446744073709551615},{"value":0},{"value":0},{"value":0},{"value":0},{"value":0},{"value":0},{"value":0},{"value":0},{"value":0},{"value":0},{"value":0},{"value":0},{"value":0},{"value":0},{"value":0},{"value":0},{"value":0},{"value":0},{"value":0},{"value":0},{"value":0},{"value":0},{"value":0}],"flavor":"ARM_THREAD_STATE64","lr":{"value":0},"cpsr":{"value":0},"fp":{"value":0},"sp":{"value":6135050240},"esr":{"value":1442840704,"description":" Address size fault"},"pc":{"value":8624433660},"far":{"value":5337251840}}},{"id":571444,"frames":[{"imageOffset":6652,"symbol":"start_wqthread","symbolLocation":0,"imageIndex":21}],"threadState":{"x":[{"value":6135623680},{"value":4355},{"value":6135087104},{"value":0},{"value":409604},{"value":18446744073709551615},{"value":0},{"value":0},{"value":0},{"value":0},{"value":0},{"value":0},{"value":0},{"value":0},{"value":0},{"value":0},{"value":0},{"value":0},{"value":0},{"value":0},{"value":0},{"value":0},{"value":0},{"value":0},{"value":0},{"value":0},{"value":0},{"value":0},{"value":0}],"flavor":"ARM_THREAD_STATE64","lr":{"value":0},"cpsr":{"value":0},"fp":{"value":0},"sp":{"value":6135623680},"esr":{"value":1442840704,"description":" Address size fault"},"pc":{"value":8624433660},"far":{"value":47314599936}}},{"id":571445,"frames":[{"imageOffset":6652,"symbol":"start_wqthread","symbolLocation":0,"imageIndex":21}],"threadState":{"x":[{"value":6136770560},{"value":8195},{"value":6136233984},{"value":0},{"value":409604},{"value":18446744073709551615},{"value":0},{"value":0},{"value":0},{"value":0},{"value":0},{"value":0},{"value":0},{"value":0},{"value":0},{"value":0},{"value":0},{"value":0},{"value":0},{"value":0},{"value":0},{"value":0},{"value":0},{"value":0},{"value":0},{"value":0},{"value":0},{"value":0},{"value":0}],"flavor":"ARM_THREAD_STATE64","lr":{"value":0},"cpsr":{"value":0},"fp":{"value":0},"sp":{"value":6136770560},"esr":{"value":1442840704,"description":" Address size fault"},"pc":{"value":8624433660},"far":{"value":4382917744}}},{"id":571446,"frames":[{"imageOffset":6652,"symbol":"start_wqthread","symbolLocation":0,"imageIndex":21}],"threadState":{"x":[{"value":6136197120},{"value":8451},{"value":6135660544},{"value":0},{"value":409604},{"value":18446744073709551615},{"value":0},{"value":0},{"value":0},{"value":0},{"value":0},{"value":0},{"value":0},{"value":0},{"value":0},{"value":0},{"value":0},{"value":0},{"value":0},{"value":0},{"value":0},{"value":0},{"value":0},{"value":0},{"value":0},{"value":0},{"value":0},{"value":0},{"value":0}],"flavor":"ARM_THREAD_STATE64","lr":{"value":0},"cpsr":{"value":0},"fp":{"value":0},"sp":{"value":6136197120},"esr":{"value":1442840704,"description":" Address size fault"},"pc":{"value":8624433660},"far":{"value":4484349952}}},{"id":571447,"frames":[{"imageOffset":6652,"symbol":"start_wqthread","symbolLocation":0,"imageIndex":21}],"threadState":{"x":[{"value":6137344000},{"value":11523},{"value":6136807424},{"value":0},{"value":409604},{"value":18446744073709551615},{"value":0},{"value":0},{"value":0},{"value":0},{"value":0},{"value":0},{"value":0},{"value":0},{"value":0},{"value":0},{"value":0},{"value":0},{"value":0},{"value":0},{"value":0},{"value":0},{"value":0},{"value":0},{"value":0},{"value":0},{"value":0},{"value":0},{"value":0}],"flavor":"ARM_THREAD_STATE64","lr":{"value":0},"cpsr":{"value":0},"fp":{"value":0},"sp":{"value":6137344000},"esr":{"value":1442840704,"description":" Address size fault"},"pc":{"value":8624433660},"far":{"value":4494065696}}},{"id":571448,"name":"com.apple.uikit.eventfetch-thread","threadState":{"x":[{"value":268451845},{"value":21592279046},{"value":8589934592},{"value":58287001174016},{"value":0},{"value":58287001174016},{"value":2},{"value":4294967295},{"value":18446744073709550527},{"value":13571},{"value":0},{"value":1},{"value":13571},{"value":9597682},{"value":0},{"value":0},{"value":18446744073709551569},{"value":6994506432,"symbolLocation":56,"symbol":"clock_gettime"},{"value":0},{"value":4294967295},{"value":2},{"value":58287001174016},{"value":0},{"value":58287001174016},{"value":6137912696},{"value":8589934592},{"value":21592279046},{"value":21592279046},{"value":4412409862}],"flavor":"ARM_THREAD_STATE64","lr":{"value":8047673200},"cpsr":{"value":0},"fp":{"value":6137912544},"sp":{"value":6137912464},"esr":{"value":1442840704,"description":" Address size fault"},"pc":{"value":8047673816},"far":{"value":4503093248}},"frames":[{"imageOffset":4568,"symbol":"mach_msg2_trap","symbolLocation":8,"imageIndex":22},{"imageOffset":3952,"symbol":"mach_msg2_internal","symbolLocation":80,"imageIndex":22},{"imageOffset":3720,"symbol":"mach_msg_overwrite","symbolLocation":436,"imageIndex":22},{"imageOffset":3272,"symbol":"mach_msg","symbolLocation":24,"imageIndex":22},{"imageOffset":222396,"symbol":"__CFRunLoopServiceMachPort","symbolLocation":160,"imageIndex":13},{"imageOffset":213940,"symbol":"__CFRunLoopRun","symbolLocation":1208,"imageIndex":13},{"imageOffset":212504,"symbol":"CFRunLoopRunSpecific","symbolLocation":608,"imageIndex":13},{"imageOffset":185548,"symbol":"-[NSRunLoop(NSRunLoop) runMode:beforeDate:]","symbolLocation":212,"imageIndex":14},{"imageOffset":377396,"symbol":"-[NSRunLoop(NSRunLoop) runUntilDate:]","symbolLocation":64,"imageIndex":14},{"imageOffset":1643020,"symbol":"-[UIEventFetcher threadMain]","symbolLocation":420,"imageIndex":18},{"imageOffset":733524,"symbol":"__NSThread__start__","symbolLocation":732,"imageIndex":14},{"imageOffset":9428,"symbol":"_pthread_start","symbolLocation":136,"imageIndex":21},{"imageOffset":6672,"symbol":"thread_start","symbolLocation":8,"imageIndex":21}]},{"id":571449,"frames":[{"imageOffset":6652,"symbol":"start_wqthread","symbolLocation":0,"imageIndex":21}],"threadState":{"x":[{"value":6138490880},{"value":21763},{"value":6137954304},{"value":0},{"value":409604},{"value":18446744073709551615},{"value":0},{"value":0},{"value":0},{"value":0},{"value":0},{"value":0},{"value":0},{"value":0},{"value":0},{"value":0},{"value":0},{"value":0},{"value":0},{"value":0},{"value":0},{"value":0},{"value":0},{"value":0},{"value":0},{"value":0},{"value":0},{"value":0},{"value":0}],"flavor":"ARM_THREAD_STATE64","lr":{"value":0},"cpsr":{"value":0},"fp":{"value":0},"sp":{"value":6138490880},"esr":{"value":1442840704,"description":" Address size fault"},"pc":{"value":8624433660},"far":{"value":28732883800}}},{"id":571451,"frames":[{"imageOffset":6652,"symbol":"start_wqthread","symbolLocation":0,"imageIndex":21}],"threadState":{"x":[{"value":6139064320},{"value":29699},{"value":6138527744},{"value":0},{"value":409604},{"value":18446744073709551615},{"value":0},{"value":0},{"value":0},{"value":0},{"value":0},{"value":0},{"value":0},{"value":0},{"value":0},{"value":0},{"value":0},{"value":0},{"value":0},{"value":0},{"value":0},{"value":0},{"value":0},{"value":0},{"value":0},{"value":0},{"value":0},{"value":0},{"value":0}],"flavor":"ARM_THREAD_STATE64","lr":{"value":0},"cpsr":{"value":0},"fp":{"value":0},"sp":{"value":6139064320},"esr":{"value":1442840704,"description":" Address size fault"},"pc":{"value":8624433660},"far":{"value":27191837528}}},{"id":571452,"frames":[{"imageOffset":6652,"symbol":"start_wqthread","symbolLocation":0,"imageIndex":21}],"threadState":{"x":[{"value":6139637760},{"value":29187},{"value":6139101184},{"value":0},{"value":409604},{"value":18446744073709551615},{"value":0},{"value":0},{"value":0},{"value":0},{"value":0},{"value":0},{"value":0},{"value":0},{"value":0},{"value":0},{"value":0},{"value":0},{"value":0},{"value":0},{"value":0},{"value":0},{"value":0},{"value":0},{"value":0},{"value":0},{"value":0},{"value":0},{"value":0}],"flavor":"ARM_THREAD_STATE64","lr":{"value":0},"cpsr":{"value":0},"fp":{"value":0},"sp":{"value":6139637760},"esr":{"value":1442840704,"description":" Address size fault"},"pc":{"value":8624433660},"far":{"value":47314599936}}},{"id":571464,"name":"WFWiFiStateMonitor callback thread","threadState":{"x":[{"value":268451845},{"value":21592279046},{"value":8589934592},{"value":255099582545920},{"value":0},{"value":255099582545920},{"value":2},{"value":4294967295},{"value":18446744073709550527},{"value":59395},{"value":0},{"value":1},{"value":59395},{"value":145921},{"value":0},{"value":0},{"value":18446744073709551569},{"value":6994506432,"symbolLocation":56,"symbol":"clock_gettime"},{"value":0},{"value":4294967295},{"value":2},{"value":255099582545920},{"value":0},{"value":255099582545920},{"value":6140206472},{"value":8589934592},{"value":21592279046},{"value":21592279046},{"value":4412409862}],"flavor":"ARM_THREAD_STATE64","lr":{"value":8047673200},"cpsr":{"value":0},"fp":{"value":6140206320},"sp":{"value":6140206240},"esr":{"value":1442840704,"description":" Address size fault"},"pc":{"value":8047673816},"far":{"value":7420572640}},"frames":[{"imageOffset":4568,"symbol":"mach_msg2_trap","symbolLocation":8,"imageIndex":22},{"imageOffset":3952,"symbol":"mach_msg2_internal","symbolLocation":80,"imageIndex":22},{"imageOffset":3720,"symbol":"mach_msg_overwrite","symbolLocation":436,"imageIndex":22},{"imageOffset":3272,"symbol":"mach_msg","symbolLocation":24,"imageIndex":22},{"imageOffset":222396,"symbol":"__CFRunLoopServiceMachPort","symbolLocation":160,"imageIndex":13},{"imageOffset":213940,"symbol":"__CFRunLoopRun","symbolLocation":1208,"imageIndex":13},{"imageOffset":212504,"symbol":"CFRunLoopRunSpecific","symbolLocation":608,"imageIndex":13},{"imageOffset":185548,"symbol":"-[NSRunLoop(NSRunLoop) runMode:beforeDate:]","symbolLocation":212,"imageIndex":14},{"imageOffset":178372,"symbol":"-[NSRunLoop(NSRunLoop) run]","symbolLocation":64,"imageIndex":14},{"imageOffset":359444,"symbol":"-[WFWiFiStateMonitor _runManagerCallbackThread]","symbolLocation":192,"imageIndex":25},{"imageOffset":733524,"symbol":"__NSThread__start__","symbolLocation":732,"imageIndex":14},{"imageOffset":9428,"symbol":"_pthread_start","symbolLocation":136,"imageIndex":21},{"imageOffset":6672,"symbol":"thread_start","symbolLocation":8,"imageIndex":21}]}],
  "usedImages" : [
  {
    "source" : "P",
    "arch" : "arm64e",
    "base" : 4500832256,
    "size" : 1507328,
    "uuid" : "8226aa59-7425-307f-b3e5-66d06e4a4999",
    "path" : "\/private\/preboot\/D6827CBCC4AD23885811BB128BFC9031029709AF0127BAC3DDDD6868B2F3262E31D703F5E9C8A38E0665BAB9702807BD\/jb\/Library\/PreferenceBundles\/SGNPreferenceBundle.bundle\/SGNPreferenceBundle",
    "name" : "SGNPreferenceBundle"
  },
  {
    "source" : "P",
    "arch" : "arm64e",
    "base" : 4484104192,
    "size" : 32768,
    "uuid" : "8f3fe0cf-855d-3562-aa02-62d0f432524e",
    "path" : "\/System\/Library\/Accounts\/ServiceOwners\/AMSMediaServiceOwner.bundle\/AMSMediaServiceOwner",
    "name" : "AMSMediaServiceOwner"
  },
  {
    "source" : "P",
    "arch" : "arm64e",
    "base" : 4483809280,
    "size" : 16384,
    "uuid" : "0d6aada8-f74e-3603-adb8-e85f22440bc1",
    "path" : "\/System\/Library\/Accounts\/ServiceOwners\/AACloudServiceOwner.bundle\/AACloudServiceOwner",
    "name" : "AACloudServiceOwner"
  },
  {
    "source" : "P",
    "arch" : "arm64e",
    "base" : 4483907584,
    "size" : 32768,
    "uuid" : "bea19d33-2f30-30db-b015-918910e262dc",
    "path" : "\/System\/Library\/Accounts\/ServiceOwners\/IDSServiceOwner.bundle\/IDSServiceOwner",
    "name" : "IDSServiceOwner"
  },
  {
    "source" : "P",
    "arch" : "arm64e",
    "base" : 4483727360,
    "size" : 16384,
    "uuid" : "201f6240-9963-3c1f-9d1f-564ab79da383",
    "path" : "\/System\/Library\/Accounts\/ServiceOwners\/GCCloudServiceOwner.bundle\/GCCloudServiceOwner",
    "name" : "GCCloudServiceOwner"
  },
  {
    "source" : "P",
    "arch" : "arm64e",
    "base" : 4336254976,
    "size" : 49152,
    "uuid" : "114289d6-82c7-3b21-b4d6-046fccf2af1c",
    "path" : "\/private\/preboot\/Cryptexes\/OS\/usr\/lib\/libobjc-trampolines.dylib",
    "name" : "libobjc-trampolines.dylib"
  },
  {
    "source" : "P",
    "arch" : "arm64e",
    "base" : 4335976448,
    "size" : 32768,
    "uuid" : "42360709-4bf1-4a71-bee7-6468dba33701",
    "path" : "\/private\/preboot\/D6827CBCC4AD23885811BB128BFC9031029709AF0127BAC3DDDD6868B2F3262E31D703F5E9C8A38E0665BAB9702807BD\/jb\/usr\/lib\/TweakInject\/PreferenceLoader.dylib",
    "name" : "PreferenceLoader.dylib"
  },
  {
    "source" : "P",
    "arch" : "arm64e",
    "base" : 4336058368,
    "size" : 49152,
    "uuid" : "f1f8b1c4-0908-4609-8a89-37f064a34243",
    "path" : "\/private\/preboot\/D6827CBCC4AD23885811BB128BFC9031029709AF0127BAC3DDDD6868B2F3262E31D703F5E9C8A38E0665BAB9702807BD\/jb\/usr\/lib\/libprefs.dylib",
    "name" : "libprefs.dylib"
  },
  {
    "source" : "P",
    "arch" : "arm64e",
    "base" : 4336582656,
    "size" : 163840,
    "uuid" : "ad0ac18b-369e-30c2-acc9-0136cba9aa78",
    "path" : "\/private\/preboot\/D6827CBCC4AD23885811BB128BFC9031029709AF0127BAC3DDDD6868B2F3262E31D703F5E9C8A38E0665BAB9702807BD\/jb\/usr\/lib\/libellekit.dylib",
    "name" : "libellekit.dylib"
  },
  {
    "source" : "P",
    "arch" : "arm64e",
    "base" : 4335026176,
    "size" : 49152,
    "uuid" : "0cb61216-464f-3f30-a3ff-cfd0af21df91",
    "path" : "\/System\/Library\/VideoCodecs\/lib\/hooks\/generalhook.dylib",
    "name" : "generalhook.dylib"
  },
  {
    "source" : "P",
    "arch" : "arm64e",
    "base" : 4332961792,
    "size" : 1245184,
    "uuid" : "ae284d33-9933-3746-99b4-445ad57a1c6b",
    "path" : "\/System\/Library\/VideoCodecs\/SysBins\/Applications\/Preferences.app\/Preferences",
    "name" : "Preferences"
  },
  {
    "source" : "P",
    "arch" : "arm64e",
    "base" : 6730809344,
    "size" : 319233,
    "uuid" : "9ba37a05-17b3-3a91-aa2f-bca187705a76",
    "path" : "\/usr\/lib\/libobjc.A.dylib",
    "name" : "libobjc.A.dylib"
  },
  {
    "source" : "P",
    "arch" : "arm64e",
    "base" : 7439736832,
    "size" : 553120,
    "uuid" : "1366c02b-1a31-33c8-be06-d44c8c8e0310",
    "path" : "\/usr\/lib\/dyld",
    "name" : "dyld"
  },
  {
    "source" : "P",
    "arch" : "arm64e",
    "base" : 6860853248,
    "size" : 5427200,
    "uuid" : "ceb74a0c-5ea4-3f5a-9de8-73f0dad2f4cb",
    "path" : "\/System\/Library\/Frameworks\/CoreFoundation.framework\/CoreFoundation",
    "name" : "CoreFoundation"
  },
  {
    "source" : "P",
    "arch" : "arm64e",
    "base" : 6843662336,
    "size" : 11972608,
    "uuid" : "60f744f4-1345-325e-8970-d37bb5a1a31d",
    "path" : "\/System\/Library\/Frameworks\/Foundation.framework\/Foundation",
    "name" : "Foundation"
  },
  {
    "source" : "P",
    "arch" : "arm64e",
    "base" : 7402033152,
    "size" : 1388544,
    "uuid" : "77cb6672-6ada-35a6-af2b-b73a357dde30",
    "path" : "\/System\/Library\/PrivateFrameworks\/Preferences.framework\/Preferences",
    "name" : "Preferences"
  },
  {
    "source" : "P",
    "arch" : "arm64e",
    "base" : 8730624000,
    "size" : 102400,
    "uuid" : "88b8a6f1-7762-3e4b-9b81-1af1262569b4",
    "path" : "\/System\/Library\/PrivateFrameworks\/SettingsFoundation.framework\/SettingsFoundation",
    "name" : "SettingsFoundation"
  },
  {
    "source" : "P",
    "arch" : "arm64e",
    "base" : 9326870528,
    "size" : 430080,
    "uuid" : "f02eedd1-9f0c-3941-9dd3-81eabfd7df2d",
    "path" : "\/System\/Library\/PrivateFrameworks\/PreferencesUI.framework\/PreferencesUI",
    "name" : "PreferencesUI"
  },
  {
    "source" : "P",
    "arch" : "arm64e",
    "base" : 6896582656,
    "size" : 27959296,
    "uuid" : "2f2a196f-27b4-37c9-8f8b-bd6ad90de2bf",
    "path" : "\/System\/Library\/PrivateFrameworks\/UIKitCore.framework\/UIKitCore",
    "name" : "UIKitCore"
  },
  {
    "source" : "P",
    "arch" : "arm64e",
    "base" : 7979606016,
    "size" : 36864,
    "uuid" : "da1008ab-ff26-39eb-95bb-99b9bfa5fb4a",
    "path" : "\/System\/Library\/PrivateFrameworks\/GraphicsServices.framework\/GraphicsServices",
    "name" : "GraphicsServices"
  },
  {
    "size" : 0,
    "source" : "A",
    "base" : 0,
    "uuid" : "00000000-0000-0000-0000-000000000000"
  },
  {
    "source" : "P",
    "arch" : "arm64e",
    "base" : 8624427008,
    "size" : 49140,
    "uuid" : "a6f90d4f-844f-352b-a200-33b3948cc3e8",
    "path" : "\/usr\/lib\/system\/libsystem_pthread.dylib",
    "name" : "libsystem_pthread.dylib"
  },
  {
    "source" : "P",
    "arch" : "arm64e",
    "base" : 8047669248,
    "size" : 233472,
    "uuid" : "8ffa1d48-4772-3fe7-b121-34b042cf6ad4",
    "path" : "\/usr\/lib\/system\/libsystem_kernel.dylib",
    "name" : "libsystem_kernel.dylib"
  },
  {
    "source" : "P",
    "arch" : "arm64e",
    "base" : 8589672448,
    "size" : 299008,
    "uuid" : "c1ff8c1d-5f58-302d-9da9-ca501c61d13f",
    "path" : "\/System\/Library\/PrivateFrameworks\/ARKitUI.framework\/ARKitUI",
    "name" : "ARKitUI"
  },
  {
    "source" : "P",
    "arch" : "arm64e",
    "base" : 6994485248,
    "size" : 516092,
    "uuid" : "22c9aa2e-b4fd-3568-a6d3-e4953c51f6c2",
    "path" : "\/usr\/lib\/system\/libsystem_c.dylib",
    "name" : "libsystem_c.dylib"
  },
  {
    "source" : "P",
    "arch" : "arm64e",
    "base" : 8985894912,
    "size" : 884736,
    "uuid" : "7500e6ac-6bd0-3531-ab8e-006cd13d75e6",
    "path" : "\/System\/Library\/PrivateFrameworks\/WiFiKit.framework\/WiFiKit",
    "name" : "WiFiKit"
  }
],
  "sharedCache" : {
  "base" : 6729891840,
  "size" : 3463397376,
  "uuid" : "3b334ed6-9cd4-3c6a-bc21-a111e9755988"
},
  "vmSummary" : "ReadOnly portion of Libraries: Total=1.5G resident=0K(0%) swapped_out_or_unallocated=1.5G(100%)\nWritable regions: Total=597.3M written=0K(0%) resident=0K(0%) swapped_out=0K(0%) unallocated=597.3M(100%)\n\n                                VIRTUAL   REGION \nREGION TYPE                        SIZE    COUNT (non-coalesced) \n===========                     =======  ======= \nActivity Tracing                   256K        1 \nCG raster data                      96K        2 \nColorSync                           80K        5 \nCoreAnimation                     1904K      113 \nCoreData Object IDs               4112K        2 \nFoundation                         560K        2 \nImage IO                          1120K        4 \nKernel Alloc Once                   32K        1 \nMALLOC                           581.2M       61 \nMALLOC guard page                  128K        8 \nSMOOTH                               24        2 \nSQLite page cache                 2432K       19 \nSTACK GUARD                        192K       12 \nStack                             6992K       12 \nVM_ALLOCATE                        160K        2 \n__AUTH                            5181K      613 \n__AUTH_CONST                      49.7M     1143 \n__CTF                               824        1 \n__DATA                            23.5M     1148 \n__DATA_CONST                      61.7M     1161 \n__DATA_DIRTY                      11.2M     1024 \n__FONT_DATA                          4K        1 \n__INFO_FILTER                         8        1 \n__LINKEDIT                       372.3M       12 \n__OBJC_RO                         84.9M        1 \n__OBJC_RW                         2673K        1 \n__TEXT                             1.1G     1180 \ndyld private memory                272K        1 \nmapped file                      141.8M      128 \nshared memory                       80K        4 \n===========                     =======  ======= \nTOTAL                              2.5G     6665 \n",
  "legacyInfo" : {
  "threadTriggered" : {
    "queue" : "com.apple.main-thread"
  }
},
  "logWritingSignature" : "1371f69467a35be7ec4f30c2579325bb6e849b6f",
  "trialInfo" : {
  "rollouts" : [
    {
      "rolloutId" : "61675b89201f677a9a4cbd65",
      "factorPackIds" : {
        "HEALTH_FEATURE_AVAILABILITY" : "6859879cdd3c0156834abe21"
      },
      "deploymentId" : 240000256
    },
    {
      "rolloutId" : "5ffde50ce2aacd000d47a95f",
      "factorPackIds" : {

      },
      "deploymentId" : 240000509
    }
  ],
  "experiments" : [

  ]
}
}
